2026-04-08 17:52:32 [INFO] +-------------------------------------+
2026-04-08 17:52:32 [INFO] +        ServerLogSaver Backup        +
2026-04-08 17:52:32 [INFO] +-------------------------------------+
2026-04-08 17:52:34 [INFO] [Poseidon-Watchdog] A server tick hasn't occurred in 6 seconds.
2026-04-08 17:52:35 [WARNING] [Poseidon] Event PLUGIN_ENABLE in ru.tehkode.permissions.bukkit.BukkitPermissions$BukkitEvents:PLUGIN_ENABLE took 3046 milliseconds. Statistics: Called: 91 times, Min: 0ms, Avg: 1621ms, Max: 3143ms
2026-04-08 17:52:37 [INFO] [Poseidon-Watchdog] A server tick hasn't occurred in 9 seconds.
2026-04-08 17:52:38 [WARNING] [Poseidon] Event PLUGIN_ENABLE in ru.tehkode.permissions.bukkit.BukkitPermissions$BukkitEvents:PLUGIN_ENABLE took 3058 milliseconds. Statistics: Called: 92 times, Min: 0ms, Avg: 1636ms, Max: 3143ms
2026-04-08 17:52:38 [WARNING] [Poseidon] Synchronous task from plugin PluginReloader took 12151 milliseconds. Statistics: Called: 48 times, Min: 2501ms, Avg: 6189ms, Max: 17284ms
2026-04-08 17:52:38 [WARNING] Can't keep up! Did the system time change, or is the server overloaded?
2026-04-08 17:52:38 [INFO] AntiNetherRoofPlugin disabled!
2026-04-08 17:52:41 [WARNING] [Poseidon] Event PLUGIN_DISABLE in ru.tehkode.permissions.bukkit.BukkitPermissions$BukkitEvents:PLUGIN_DISABLE took 3084 milliseconds. Statistics: Called: 57 times, Min: 1804ms, Avg: 2622ms, Max: 3084ms
2026-04-08 17:52:43 [INFO] [Poseidon-Watchdog] A server tick hasn't occurred in 3 seconds.
2026-04-08 17:52:44 [WARNING] [Poseidon] Event PLUGIN_DISABLE in ru.tehkode.permissions.bukkit.BukkitPermissions$BukkitEvents:PLUGIN_DISABLE took 3048 milliseconds. Statistics: Called: 58 times, Min: 1804ms, Avg: 2629ms, Max: 3084ms
2026-04-08 17:52:44 [INFO] AntiNetherRoofPlugin enabled!
2026-04-08 17:52:46 [INFO] [Poseidon-Watchdog] A server tick hasn't occurred in 6 seconds.
2026-04-08 17:52:47 [WARNING] [Poseidon] Event PLUGIN_ENABLE in ru.tehkode.permissions.bukkit.BukkitPermissions$BukkitEvents:PLUGIN_ENABLE took 3044 milliseconds. Statistics: Called: 93 times, Min: 0ms, Avg: 1651ms, Max: 3143ms
2026-04-08 17:52:49 [INFO] [Poseidon-Watchdog] A server tick hasn't occurred in 9 seconds.
2026-04-08 17:52:50 [WARNING] [Poseidon] Event PLUGIN_ENABLE in ru.tehkode.permissions.bukkit.BukkitPermissions$BukkitEvents:PLUGIN_ENABLE took 3033 milliseconds. Statistics: Called: 94 times, Min: 0ms, Avg: 1666ms, Max: 3143ms
2026-04-08 17:52:50 [WARNING] [Poseidon] Synchronous task from plugin PluginReloader took 12211 milliseconds. Statistics: Called: 49 times, Min: 2501ms, Avg: 6312ms, Max: 17284ms
2026-04-08 17:52:50 [INFO] [Tuto] Plugin Tuto, by Rominos2, version 1.5.3 is disabled.
2026-04-08 17:52:53 [WARNING] [Poseidon] Event PLUGIN_DISABLE in ru.tehkode.permissions.bukkit.BukkitPermissions$BukkitEvents:PLUGIN_DISABLE took 3038 milliseconds. Statistics: Called: 59 times, Min: 1804ms, Avg: 2636ms, Max: 3084ms
2026-04-08 17:52:55 [INFO] [Poseidon-Watchdog] A server tick hasn't occurred in 3 seconds.
2026-04-08 17:52:56 [WARNING] [Poseidon] Event PLUGIN_DISABLE in ru.tehkode.permissions.bukkit.BukkitPermissions$BukkitEvents:PLUGIN_DISABLE took 3071 milliseconds. Statistics: Called: 60 times, Min: 1804ms, Avg: 2643ms, Max: 3084ms
2026-04-08 17:52:56 [INFO] [Tuto] Plugin Tuto, by Rominos2, version 1.5.3 is enabled.
2026-04-08 17:52:58 [INFO] [Poseidon-Watchdog] A server tick hasn't occurred in 6 seconds.
2026-04-08 17:52:59 [WARNING] [Poseidon] Event PLUGIN_ENABLE in ru.tehkode.permissions.bukkit.BukkitPermissions$BukkitEvents:PLUGIN_ENABLE took 3057 milliseconds. Statistics: Called: 95 times, Min: 0ms, Avg: 1681ms, Max: 3143ms
2026-04-08 17:53:01 [INFO] [Poseidon-Watchdog] A server tick hasn't occurred in 9 seconds.
2026-04-08 17:53:03 [WARNING] [Poseidon] Event PLUGIN_ENABLE in ru.tehkode.permissions.bukkit.BukkitPermissions$BukkitEvents:PLUGIN_ENABLE took 3067 milliseconds. Statistics: Called: 96 times, Min: 0ms, Avg: 1695ms, Max: 3143ms
2026-04-08 17:53:03 [WARNING] [Poseidon] Synchronous task from plugin PluginReloader took 12235 milliseconds. Statistics: Called: 50 times, Min: 2501ms, Avg: 6430ms, Max: 17284ms
2026-04-08 17:53:03 [WARNING] Can't keep up! Did the system time change, or is the server overloaded?
2026-04-08 17:53:06 [WARNING] [Poseidon] Event PLUGIN_DISABLE in ru.tehkode.permissions.bukkit.BukkitPermissions$BukkitEvents:PLUGIN_DISABLE took 3090 milliseconds. Statistics: Called: 61 times, Min: 1804ms, Avg: 2650ms, Max: 3090ms
2026-04-08 17:53:07 [INFO] [Poseidon-Watchdog] A server tick hasn't occurred in 3 seconds.
2026-04-08 17:53:09 [WARNING] [Poseidon] Event PLUGIN_DISABLE in ru.tehkode.permissions.bukkit.BukkitPermissions$BukkitEvents:PLUGIN_DISABLE took 3041 milliseconds. Statistics: Called: 62 times, Min: 1804ms, Avg: 2657ms, Max: 3090ms
2026-04-08 17:53:09 [INFO] [Vault][Economy] Essentials Economy unhooked.
2026-04-08 17:53:09 [INFO] [Vault][Economy] Essentials Economy unhooked.
2026-04-08 17:53:09 [INFO] Bukkit version format changed. Version not checked.
2026-04-08 17:53:09 [INFO] Loaded Essentials build 2.5.8 by: Zenexer, ementalo, Aelux, Brettflan, KimKandor, snowleo, ceulemans, Xeology, KHobbits
2026-04-08 17:53:09 [INFO] Essentials: Using PermissionsEx based permissions.
2026-04-08 17:53:10 [INFO] [Poseidon-Watchdog] A server tick hasn't occurred in 6 seconds.
2026-04-08 17:53:12 [WARNING] [Poseidon] Event PLUGIN_ENABLE in ru.tehkode.permissions.bukkit.BukkitPermissions$BukkitEvents:PLUGIN_ENABLE took 3047 milliseconds. Statistics: Called: 97 times, Min: 0ms, Avg: 1709ms, Max: 3143ms
2026-04-08 17:53:13 [INFO] [Poseidon-Watchdog] A server tick hasn't occurred in 9 seconds.
2026-04-08 17:53:15 [WARNING] [Poseidon] Event PLUGIN_ENABLE in ru.tehkode.permissions.bukkit.BukkitPermissions$BukkitEvents:PLUGIN_ENABLE took 3039 milliseconds. Statistics: Called: 98 times, Min: 0ms, Avg: 1723ms, Max: 3143ms
2026-04-08 17:53:15 [INFO] [Vault][Economy] Essentials Economy hooked.
2026-04-08 17:53:15 [INFO] [Vault][Economy] Essentials Economy hooked.
2026-04-08 17:53:15 [WARNING] [Poseidon] Synchronous task from plugin PluginReloader took 12228 milliseconds. Statistics: Called: 51 times, Min: 2501ms, Avg: 6544ms, Max: 17284ms
2026-04-08 17:53:15 [INFO] [FalseBook Core] FalseBookCore v0.86.2alpha by GeMo disabled!
2026-04-08 17:53:18 [WARNING] [Poseidon] Event PLUGIN_DISABLE in ru.tehkode.permissions.bukkit.BukkitPermissions$BukkitEvents:PLUGIN_DISABLE took 3053 milliseconds. Statistics: Called: 63 times, Min: 1804ms, Avg: 2663ms, Max: 3090ms
2026-04-08 17:53:19 [INFO] [Poseidon-Watchdog] A server tick hasn't occurred in 3 seconds.
2026-04-08 17:53:21 [WARNING] [Poseidon] Event PLUGIN_DISABLE in ru.tehkode.permissions.bukkit.BukkitPermissions$BukkitEvents:PLUGIN_DISABLE took 3065 milliseconds. Statistics: Called: 64 times, Min: 1804ms, Avg: 2669ms, Max: 3090ms
2026-04-08 17:53:21 [INFO] [FalseBook Core] FalseBookCore v0.86.2alpha by GeMo enabled!
2026-04-08 17:53:22 [INFO] [Poseidon-Watchdog] A server tick hasn't occurred in 6 seconds.
2026-04-08 17:53:24 [WARNING] [Poseidon] Event PLUGIN_ENABLE in ru.tehkode.permissions.bukkit.BukkitPermissions$BukkitEvents:PLUGIN_ENABLE took 3020 milliseconds. Statistics: Called: 99 times, Min: 0ms, Avg: 1736ms, Max: 3143ms
2026-04-08 17:53:25 [INFO] [Poseidon-Watchdog] A server tick hasn't occurred in 9 seconds.
2026-04-08 17:53:27 [WARNING] [Poseidon] Event PLUGIN_ENABLE in ru.tehkode.permissions.bukkit.BukkitPermissions$BukkitEvents:PLUGIN_ENABLE took 3036 milliseconds. Statistics: Called: 100 times, Min: 0ms, Avg: 1749ms, Max: 3143ms
2026-04-08 17:53:27 [WARNING] [Poseidon] Synchronous task from plugin PluginReloader took 12174 milliseconds. Statistics: Called: 52 times, Min: 2501ms, Avg: 6652ms, Max: 17284ms
2026-04-08 17:53:27 [INFO] [LagMeter 0.5] Disabled!
2026-04-08 17:53:27 [FINEST] Closing log
2026-04-08 17:53:30 [WARNING] [Poseidon] Event PLUGIN_DISABLE in ru.tehkode.permissions.bukkit.BukkitPermissions$BukkitEvents:PLUGIN_DISABLE took 3057 milliseconds. Statistics: Called: 65 times, Min: 1804ms, Avg: 2675ms, Max: 3090ms
2026-04-08 17:53:31 [INFO] [Poseidon-Watchdog] A server tick hasn't occurred in 3 seconds.
2026-04-08 17:53:33 [WARNING] [Poseidon] Event PLUGIN_DISABLE in ru.tehkode.permissions.bukkit.BukkitPermissions$BukkitEvents:PLUGIN_DISABLE took 3021 milliseconds. Statistics: Called: 66 times, Min: 1804ms, Avg: 2680ms, Max: 3090ms
2026-04-08 17:53:33 [SEVERE] Error occurred while enabling LagMeter v0.5 (Is it up to date?): null
java.lang.NullPointerException
	at com.webkonsept.minecraft.lagmeter.LagMeterLogger.beginLogging(Unknown Source)
	at com.webkonsept.minecraft.lagmeter.LagMeterLogger.enable(Unknown Source)
	at com.webkonsept.minecraft.lagmeter.LagMeterLogger.enable(Unknown Source)
	at com.webkonsept.minecraft.lagmeter.LagMeter.onEnable(Unknown Source)
	at org.bukkit.plugin.java.JavaPlugin.setEnabled(JavaPlugin.java:127)
	at org.bukkit.plugin.java.JavaPluginLoader.enablePlugin(JavaPluginLoader.java:1235)
	at org.bukkit.plugin.SimplePluginManager.enablePlugin(SimplePluginManager.java:320)
	at com.patschgo.pluginreloader.PluginReloaderPlugin.reloadSinglePluginWithTimeout(PluginReloaderPlugin.java:442)
	at com.patschgo.pluginreloader.PluginReloaderPlugin.access$100(PluginReloaderPlugin.java:30)
	at com.patschgo.pluginreloader.PluginReloaderPlugin$2.run(PluginReloaderPlugin.java:330)
	at org.bukkit.craftbukkit.scheduler.CraftScheduler.mainThreadHeartbeat(CraftScheduler.java:149)
	at net.minecraft.server.MinecraftServer.h(MinecraftServer.java:567)
	at net.minecraft.server.MinecraftServer.run(MinecraftServer.java:492)
	at net.minecraft.server.ThreadServerApplication.run(ThreadServerApplication.java:13)
2026-04-08 17:53:34 [INFO] [Poseidon-Watchdog] A server tick hasn't occurred in 6 seconds.
2026-04-08 17:53:36 [WARNING] [Poseidon] Event PLUGIN_ENABLE in ru.tehkode.permissions.bukkit.BukkitPermissions$BukkitEvents:PLUGIN_ENABLE took 2992 milliseconds. Statistics: Called: 101 times, Min: 0ms, Avg: 1761ms, Max: 3143ms
2026-04-08 17:53:37 [INFO] [Poseidon-Watchdog] A server tick hasn't occurred in 9 seconds.
2026-04-08 17:53:39 [WARNING] [Poseidon] Event PLUGIN_ENABLE in ru.tehkode.permissions.bukkit.BukkitPermissions$BukkitEvents:PLUGIN_ENABLE took 2998 milliseconds. Statistics: Called: 102 times, Min: 0ms, Avg: 1773ms, Max: 3143ms
2026-04-08 17:53:39 [WARNING] [Poseidon] Synchronous task from plugin PluginReloader took 12070 milliseconds. Statistics: Called: 53 times, Min: 2501ms, Avg: 6754ms, Max: 17284ms
2026-04-08 17:53:39 [WARNING] Can't keep up! Did the system time change, or is the server overloaded?
2026-04-08 17:53:39 [INFO] LWC	Freeing SQLite
2026-04-08 17:53:42 [WARNING] [Poseidon] Event PLUGIN_DISABLE in ru.tehkode.permissions.bukkit.BukkitPermissions$BukkitEvents:PLUGIN_DISABLE took 3023 milliseconds. Statistics: Called: 67 times, Min: 1804ms, Avg: 2686ms, Max: 3090ms
2026-04-08 17:53:43 [INFO] [Poseidon-Watchdog] A server tick hasn't occurred in 3 seconds.
2026-04-08 17:53:45 [WARNING] [Poseidon] Event PLUGIN_DISABLE in ru.tehkode.permissions.bukkit.BukkitPermissions$BukkitEvents:PLUGIN_DISABLE took 3035 milliseconds. Statistics: Called: 68 times, Min: 1804ms, Avg: 2691ms, Max: 3090ms
2026-04-08 17:53:45 [INFO] LWC	Loaded 134 locale strings (0 overrides)
2026-04-08 17:53:45 [INFO] LWC	Using Permissions API...
2026-04-08 17:53:45 [INFO] LWC	Loading SQLite
2026-04-08 17:53:45 [INFO] SQLite	Using: Native
2026-04-08 17:53:45 [INFO] LWC	At version: v3.11
2026-04-08 17:53:46 [INFO] [Poseidon-Watchdog] A server tick hasn't occurred in 6 seconds.
2026-04-08 17:53:48 [WARNING] [Poseidon] Event PLUGIN_ENABLE in ru.tehkode.permissions.bukkit.BukkitPermissions$BukkitEvents:PLUGIN_ENABLE took 3009 milliseconds. Statistics: Called: 103 times, Min: 0ms, Avg: 1785ms, Max: 3143ms
2026-04-08 17:53:49 [INFO] [Poseidon-Watchdog] A server tick hasn't occurred in 9 seconds.
2026-04-08 17:53:51 [WARNING] [Poseidon] Event PLUGIN_ENABLE in ru.tehkode.permissions.bukkit.BukkitPermissions$BukkitEvents:PLUGIN_ENABLE took 3038 milliseconds. Statistics: Called: 104 times, Min: 0ms, Avg: 1797ms, Max: 3143ms
2026-04-08 17:53:51 [WARNING] [Poseidon] Synchronous task from plugin PluginReloader took 12109 milliseconds. Statistics: Called: 54 times, Min: 2501ms, Avg: 6853ms, Max: 17284ms
2026-04-08 17:53:51 [INFO] [iConomy] Plugin disabled.
2026-04-08 17:53:51 [INFO] [Essentials] Payment method was disabled. No longer accepting payments.
2026-04-08 17:53:54 [WARNING] [Poseidon] Event PLUGIN_DISABLE in ru.tehkode.permissions.bukkit.BukkitPermissions$BukkitEvents:PLUGIN_DISABLE took 2994 milliseconds. Statistics: Called: 69 times, Min: 1804ms, Avg: 2695ms, Max: 3090ms
2026-04-08 17:53:55 [INFO] [Poseidon-Watchdog] A server tick hasn't occurred in 3 seconds.
2026-04-08 17:53:57 [WARNING] [Poseidon] Event PLUGIN_DISABLE in ru.tehkode.permissions.bukkit.BukkitPermissions$BukkitEvents:PLUGIN_DISABLE took 3093 milliseconds. Statistics: Called: 70 times, Min: 1804ms, Avg: 2701ms, Max: 3093ms
2026-04-08 17:53:57 [INFO] [Vault][Economy] iConomy 5 unhooked.
2026-04-08 17:53:57 [INFO] [Citizens] Payment method disabled.
2026-04-08 17:53:57 [INFO] [OtherDrops] Payment method was disabled. No longer accepting payments.
2026-04-08 17:53:57 [INFO] [Vault][Economy] iConomy 5 unhooked.
2026-04-08 17:53:57 [INFO] [iConomy] Logging is currently disabled.
2026-04-08 17:53:57 [INFO] [iConomy] v5.01 (Eruanna) loaded.
2026-04-08 17:53:57 [INFO] [iConomy] Developed by: [Nijikokun]
2026-04-08 17:53:57 [INFO] [Essentials] Payment method found (iConomy version: 5)
2026-04-08 17:53:58 [INFO] [Poseidon-Watchdog] A server tick hasn't occurred in 6 seconds.
2026-04-08 17:54:00 [WARNING] [Poseidon] Event PLUGIN_ENABLE in ru.tehkode.permissions.bukkit.BukkitPermissions$BukkitEvents:PLUGIN_ENABLE took 3021 milliseconds. Statistics: Called: 105 times, Min: 0ms, Avg: 1809ms, Max: 3143ms
2026-04-08 17:54:01 [INFO] [Poseidon-Watchdog] A server tick hasn't occurred in 9 seconds.
2026-04-08 17:54:04 [WARNING] [Poseidon] Event PLUGIN_ENABLE in ru.tehkode.permissions.bukkit.BukkitPermissions$BukkitEvents:PLUGIN_ENABLE took 3054 milliseconds. Statistics: Called: 106 times, Min: 0ms, Avg: 1821ms, Max: 3143ms
2026-04-08 17:54:04 [INFO] [Vault][Economy] iConomy 5 hooked.
2026-04-08 17:54:04 [INFO] [iConomy] hooked into Permissions.
2026-04-08 17:54:04 [INFO] [Citizens] Payment method found (iConomy version: 5)
2026-04-08 17:54:04 [INFO] [SimpleClans] Payment method: iConomy v5
2026-04-08 17:54:04 [INFO] [PreciousStones] Payment method: iConomy v5
2026-04-08 17:54:04 [INFO] [OtherDrops:2.0-beta1] Payment method found (iConomy version: 5)
2026-04-08 17:54:04 [INFO] [Vault][Economy] iConomy 5 hooked.
2026-04-08 17:54:04 [WARNING] [Poseidon] Synchronous task from plugin PluginReloader took 12203 milliseconds. Statistics: Called: 55 times, Min: 2501ms, Avg: 6951ms, Max: 17284ms
2026-04-08 17:54:04 [WARNING] Can't keep up! Did the system time change, or is the server overloaded?
2026-04-08 17:54:04 [INFO] [SuperLog v2.0] is now disabled!
2026-04-08 17:54:07 [WARNING] [Poseidon] Event PLUGIN_DISABLE in ru.tehkode.permissions.bukkit.BukkitPermissions$BukkitEvents:PLUGIN_DISABLE took 3064 milliseconds. Statistics: Called: 71 times, Min: 1804ms, Avg: 2706ms, Max: 3093ms
2026-04-08 17:54:07 [INFO] [Poseidon-Watchdog] A server tick hasn't occurred in 3 seconds.
2026-04-08 17:54:10 [WARNING] [Poseidon] Event PLUGIN_DISABLE in ru.tehkode.permissions.bukkit.BukkitPermissions$BukkitEvents:PLUGIN_DISABLE took 3039 milliseconds. Statistics: Called: 72 times, Min: 1804ms, Avg: 2710ms, Max: 3093ms
2026-04-08 17:54:10 [INFO] [SuperLog] Found and will use plugin Permissions v3.1.6-bridge
2026-04-08 17:54:10 [INFO] [SuperLog v2.0] is now enabled!
2026-04-08 17:54:10 [INFO] [Poseidon-Watchdog] A server tick hasn't occurred in 6 seconds.
2026-04-08 17:54:13 [WARNING] [Poseidon] Event PLUGIN_ENABLE in ru.tehkode.permissions.bukkit.BukkitPermissions$BukkitEvents:PLUGIN_ENABLE took 2995 milliseconds. Statistics: Called: 107 times, Min: 0ms, Avg: 1832ms, Max: 3143ms
2026-04-08 17:54:13 [INFO] [Poseidon-Watchdog] A server tick hasn't occurred in 9 seconds.
2026-04-08 17:54:16 [WARNING] [Poseidon] Event PLUGIN_ENABLE in ru.tehkode.permissions.bukkit.BukkitPermissions$BukkitEvents:PLUGIN_ENABLE took 2992 milliseconds. Statistics: Called: 108 times, Min: 0ms, Avg: 1842ms, Max: 3143ms
2026-04-08 17:54:16 [WARNING] [Poseidon] Synchronous task from plugin PluginReloader took 12091 milliseconds. Statistics: Called: 56 times, Min: 2501ms, Avg: 7042ms, Max: 17284ms
2026-04-08 17:54:16 [INFO] [BetaServerCommands] disabled.
2026-04-08 17:54:19 [WARNING] [Poseidon] Event PLUGIN_DISABLE in ru.tehkode.permissions.bukkit.BukkitPermissions$BukkitEvents:PLUGIN_DISABLE took 3008 milliseconds. Statistics: Called: 73 times, Min: 1804ms, Avg: 2715ms, Max: 3093ms
2026-04-08 17:54:19 [INFO] [Poseidon-Watchdog] A server tick hasn't occurred in 3 seconds.
2026-04-08 17:54:22 [WARNING] [Poseidon] Event PLUGIN_DISABLE in ru.tehkode.permissions.bukkit.BukkitPermissions$BukkitEvents:PLUGIN_DISABLE took 3034 milliseconds. Statistics: Called: 74 times, Min: 1804ms, Avg: 2719ms, Max: 3093ms
2026-04-08 17:54:22 [INFO] [BetaServerCommands] enabled.
2026-04-08 17:54:22 [INFO] [Poseidon-Watchdog] A server tick hasn't occurred in 6 seconds.
2026-04-08 17:54:25 [WARNING] [Poseidon] Event PLUGIN_ENABLE in ru.tehkode.permissions.bukkit.BukkitPermissions$BukkitEvents:PLUGIN_ENABLE took 3012 milliseconds. Statistics: Called: 109 times, Min: 0ms, Avg: 1853ms, Max: 3143ms
2026-04-08 17:54:25 [INFO] [Poseidon-Watchdog] A server tick hasn't occurred in 9 seconds.
2026-04-08 17:54:28 [WARNING] [Poseidon] Event PLUGIN_ENABLE in ru.tehkode.permissions.bukkit.BukkitPermissions$BukkitEvents:PLUGIN_ENABLE took 3036 milliseconds. Statistics: Called: 110 times, Min: 0ms, Avg: 1864ms, Max: 3143ms
2026-04-08 17:54:28 [WARNING] [Poseidon] Synchronous task from plugin PluginReloader took 12092 milliseconds. Statistics: Called: 57 times, Min: 2501ms, Avg: 7131ms, Max: 17284ms
2026-04-08 17:54:28 [WARNING] Can't keep up! Did the system time change, or is the server overloaded?
2026-04-08 17:54:31 [WARNING] [Poseidon] Event PLUGIN_DISABLE in ru.tehkode.permissions.bukkit.BukkitPermissions$BukkitEvents:PLUGIN_DISABLE took 3022 milliseconds. Statistics: Called: 75 times, Min: 1804ms, Avg: 2723ms, Max: 3093ms
2026-04-08 17:54:34 [INFO] [Poseidon-Watchdog] A server tick hasn't occurred in 3 seconds.
2026-04-08 17:54:34 [WARNING] [Poseidon] Event PLUGIN_DISABLE in ru.tehkode.permissions.bukkit.BukkitPermissions$BukkitEvents:PLUGIN_DISABLE took 3029 milliseconds. Statistics: Called: 76 times, Min: 1804ms, Avg: 2727ms, Max: 3093ms
2026-04-08 17:54:34 [INFO] Mining TNT version 0.2 is enabled!
2026-04-08 17:54:37 [INFO] [Poseidon-Watchdog] A server tick hasn't occurred in 6 seconds.
2026-04-08 17:54:37 [WARNING] [Poseidon] Event PLUGIN_ENABLE in ru.tehkode.permissions.bukkit.BukkitPermissions$BukkitEvents:PLUGIN_ENABLE took 3020 milliseconds. Statistics: Called: 111 times, Min: 0ms, Avg: 1874ms, Max: 3143ms
2026-04-08 17:54:40 [INFO] [Poseidon-Watchdog] A server tick hasn't occurred in 9 seconds.
2026-04-08 17:54:40 [WARNING] [Poseidon] Event PLUGIN_ENABLE in ru.tehkode.permissions.bukkit.BukkitPermissions$BukkitEvents:PLUGIN_ENABLE took 3052 milliseconds. Statistics: Called: 112 times, Min: 0ms, Avg: 1885ms, Max: 3143ms
2026-04-08 17:54:40 [WARNING] [Poseidon] Synchronous task from plugin PluginReloader took 12123 milliseconds. Statistics: Called: 58 times, Min: 2501ms, Avg: 7217ms, Max: 17284ms
2026-04-08 17:54:40 [INFO] [InventorySort] version 2.0.3 is disabled!
2026-04-08 17:54:43 [WARNING] [Poseidon] Event PLUGIN_DISABLE in ru.tehkode.permissions.bukkit.BukkitPermissions$BukkitEvents:PLUGIN_DISABLE took 3050 milliseconds. Statistics: Called: 77 times, Min: 1804ms, Avg: 2731ms, Max: 3093ms
2026-04-08 17:54:46 [INFO] [Poseidon-Watchdog] A server tick hasn't occurred in 3 seconds.
2026-04-08 17:54:46 [WARNING] [Poseidon] Event PLUGIN_DISABLE in ru.tehkode.permissions.bukkit.BukkitPermissions$BukkitEvents:PLUGIN_DISABLE took 3022 milliseconds. Statistics: Called: 78 times, Min: 1804ms, Avg: 2735ms, Max: 3093ms
2026-04-08 17:54:46 [INFO] [InventorySort]Using Bukkit's SuperPerms for permissions. See Plugin's page for nodes.
2026-04-08 17:54:46 [INFO] [InventorySort] version 2.0.3 is enabled!
2026-04-08 17:54:49 [INFO] [Poseidon-Watchdog] A server tick hasn't occurred in 6 seconds.
2026-04-08 17:54:49 [WARNING] [Poseidon] Event PLUGIN_ENABLE in ru.tehkode.permissions.bukkit.BukkitPermissions$BukkitEvents:PLUGIN_ENABLE took 3042 milliseconds. Statistics: Called: 113 times, Min: 0ms, Avg: 1895ms, Max: 3143ms
2026-04-08 17:54:52 [INFO] [Poseidon-Watchdog] A server tick hasn't occurred in 9 seconds.
2026-04-08 17:54:52 [WARNING] [Poseidon] Event PLUGIN_ENABLE in ru.tehkode.permissions.bukkit.BukkitPermissions$BukkitEvents:PLUGIN_ENABLE took 3002 milliseconds. Statistics: Called: 114 times, Min: 0ms, Avg: 1905ms, Max: 3143ms
2026-04-08 17:54:52 [WARNING] [Poseidon] Synchronous task from plugin PluginReloader took 12118 milliseconds. Statistics: Called: 59 times, Min: 2501ms, Avg: 7300ms, Max: 17284ms
2026-04-08 17:54:52 [WARNING] Can't keep up! Did the system time change, or is the server overloaded?
2026-04-08 17:54:55 [WARNING] [Poseidon] Event PLUGIN_DISABLE in ru.tehkode.permissions.bukkit.BukkitPermissions$BukkitEvents:PLUGIN_DISABLE took 3068 milliseconds. Statistics: Called: 79 times, Min: 1804ms, Avg: 2739ms, Max: 3093ms
2026-04-08 17:54:58 [INFO] [Poseidon-Watchdog] A server tick hasn't occurred in 3 seconds.
2026-04-08 17:54:58 [WARNING] [Poseidon] Event PLUGIN_DISABLE in ru.tehkode.permissions.bukkit.BukkitPermissions$BukkitEvents:PLUGIN_DISABLE took 3039 milliseconds. Statistics: Called: 80 times, Min: 1804ms, Avg: 2743ms, Max: 3093ms
2026-04-08 17:54:58 [INFO] Backup v1.4a was sucessfully loaded!
2026-04-08 17:55:01 [INFO] [Poseidon-Watchdog] A server tick hasn't occurred in 6 seconds.
2026-04-08 17:55:01 [WARNING] [Poseidon] Event PLUGIN_ENABLE in ru.tehkode.permissions.bukkit.BukkitPermissions$BukkitEvents:PLUGIN_ENABLE took 3013 milliseconds. Statistics: Called: 115 times, Min: 0ms, Avg: 1914ms, Max: 3143ms
2026-04-08 17:55:04 [INFO] [Poseidon-Watchdog] A server tick hasn't occurred in 9 seconds.
2026-04-08 17:55:04 [WARNING] [Poseidon] Event PLUGIN_ENABLE in ru.tehkode.permissions.bukkit.BukkitPermissions$BukkitEvents:PLUGIN_ENABLE took 3021 milliseconds. Statistics: Called: 116 times, Min: 0ms, Avg: 1924ms, Max: 3143ms
2026-04-08 17:55:04 [WARNING] [Poseidon] Synchronous task from plugin PluginReloader took 12143 milliseconds. Statistics: Called: 60 times, Min: 2501ms, Avg: 7381ms, Max: 17284ms
2026-04-08 17:55:04 [WARNING] Can't keep up! Did the system time change, or is the server overloaded?
2026-04-08 17:55:07 [WARNING] [Poseidon] Event PLUGIN_DISABLE in ru.tehkode.permissions.bukkit.BukkitPermissions$BukkitEvents:PLUGIN_DISABLE took 3006 milliseconds. Statistics: Called: 81 times, Min: 1804ms, Avg: 2746ms, Max: 3093ms
2026-04-08 17:55:10 [INFO] [Poseidon-Watchdog] A server tick hasn't occurred in 3 seconds.
2026-04-08 17:55:10 [WARNING] [Poseidon] Event PLUGIN_DISABLE in ru.tehkode.permissions.bukkit.BukkitPermissions$BukkitEvents:PLUGIN_DISABLE took 3034 milliseconds. Statistics: Called: 82 times, Min: 1804ms, Avg: 2750ms, Max: 3093ms
2026-04-08 17:55:13 [INFO] [Poseidon-Watchdog] A server tick hasn't occurred in 6 seconds.
2026-04-08 17:55:14 [WARNING] [Poseidon] Event PLUGIN_ENABLE in ru.tehkode.permissions.bukkit.BukkitPermissions$BukkitEvents:PLUGIN_ENABLE took 3050 milliseconds. Statistics: Called: 117 times, Min: 0ms, Avg: 1933ms, Max: 3143ms
2026-04-08 17:55:16 [INFO] [Poseidon-Watchdog] A server tick hasn't occurred in 9 seconds.
2026-04-08 17:55:17 [WARNING] [Poseidon] Event PLUGIN_ENABLE in ru.tehkode.permissions.bukkit.BukkitPermissions$BukkitEvents:PLUGIN_ENABLE took 3021 milliseconds. Statistics: Called: 118 times, Min: 0ms, Avg: 1943ms, Max: 3143ms
2026-04-08 17:55:17 [WARNING] [Poseidon] Synchronous task from plugin PluginReloader took 12111 milliseconds. Statistics: Called: 61 times, Min: 2501ms, Avg: 7458ms, Max: 17284ms
2026-04-08 17:55:20 [WARNING] [Poseidon] Event PLUGIN_DISABLE in ru.tehkode.permissions.bukkit.BukkitPermissions$BukkitEvents:PLUGIN_DISABLE took 3050 milliseconds. Statistics: Called: 83 times, Min: 1804ms, Avg: 2753ms, Max: 3093ms
2026-04-08 17:55:22 [INFO] [Poseidon-Watchdog] A server tick hasn't occurred in 3 seconds.
2026-04-08 17:55:23 [WARNING] [Poseidon] Event PLUGIN_DISABLE in ru.tehkode.permissions.bukkit.BukkitPermissions$BukkitEvents:PLUGIN_DISABLE took 3015 milliseconds. Statistics: Called: 84 times, Min: 1804ms, Avg: 2756ms, Max: 3093ms
2026-04-08 17:55:23 [INFO] Loaded EssentialsChat build 2.5.8 by: essentials team
2026-04-08 17:55:25 [INFO] [Poseidon-Watchdog] A server tick hasn't occurred in 6 seconds.
2026-04-08 17:55:26 [WARNING] [Poseidon] Event PLUGIN_ENABLE in ru.tehkode.permissions.bukkit.BukkitPermissions$BukkitEvents:PLUGIN_ENABLE took 3015 milliseconds. Statistics: Called: 119 times, Min: 0ms, Avg: 1952ms, Max: 3143ms
2026-04-08 17:55:28 [INFO] [Poseidon-Watchdog] A server tick hasn't occurred in 9 seconds.
2026-04-08 17:55:29 [WARNING] [Poseidon] Event PLUGIN_ENABLE in ru.tehkode.permissions.bukkit.BukkitPermissions$BukkitEvents:PLUGIN_ENABLE took 3012 milliseconds. Statistics: Called: 120 times, Min: 0ms, Avg: 1961ms, Max: 3143ms
2026-04-08 17:55:29 [WARNING] [Poseidon] Synchronous task from plugin PluginReloader took 12092 milliseconds. Statistics: Called: 62 times, Min: 2501ms, Avg: 7533ms, Max: 17284ms
2026-04-08 17:55:29 [WARNING] Can't keep up! Did the system time change, or is the server overloaded?
2026-04-08 17:55:29 [INFO] [NetherText disabled]
2026-04-08 17:55:32 [WARNING] [Poseidon] Event PLUGIN_DISABLE in ru.tehkode.permissions.bukkit.BukkitPermissions$BukkitEvents:PLUGIN_DISABLE took 3046 milliseconds. Statistics: Called: 85 times, Min: 1804ms, Avg: 2760ms, Max: 3093ms
2026-04-08 17:55:34 [INFO] [Poseidon-Watchdog] A server tick hasn't occurred in 3 seconds.
2026-04-08 17:55:35 [WARNING] [Poseidon] Event PLUGIN_DISABLE in ru.tehkode.permissions.bukkit.BukkitPermissions$BukkitEvents:PLUGIN_DISABLE took 3018 milliseconds. Statistics: Called: 86 times, Min: 1804ms, Avg: 2763ms, Max: 3093ms
2026-04-08 17:55:35 [INFO] [NetherText enabled]
2026-04-08 17:55:37 [INFO] [Poseidon-Watchdog] A server tick hasn't occurred in 6 seconds.
2026-04-08 17:55:38 [WARNING] [Poseidon] Event PLUGIN_ENABLE in ru.tehkode.permissions.bukkit.BukkitPermissions$BukkitEvents:PLUGIN_ENABLE took 2998 milliseconds. Statistics: Called: 121 times, Min: 0ms, Avg: 1969ms, Max: 3143ms
2026-04-08 17:55:40 [INFO] [Poseidon-Watchdog] A server tick hasn't occurred in 9 seconds.
2026-04-08 17:55:41 [WARNING] [Poseidon] Event PLUGIN_ENABLE in ru.tehkode.permissions.bukkit.BukkitPermissions$BukkitEvents:PLUGIN_ENABLE took 2992 milliseconds. Statistics: Called: 122 times, Min: 0ms, Avg: 1977ms, Max: 3143ms
2026-04-08 17:55:41 [WARNING] [Poseidon] Synchronous task from plugin PluginReloader took 12054 milliseconds. Statistics: Called: 63 times, Min: 2501ms, Avg: 7605ms, Max: 17284ms
2026-04-08 17:55:41 [INFO] [RankUp] Disabled!
2026-04-08 17:55:44 [WARNING] [Poseidon] Event PLUGIN_DISABLE in ru.tehkode.permissions.bukkit.BukkitPermissions$BukkitEvents:PLUGIN_DISABLE took 3024 milliseconds. Statistics: Called: 87 times, Min: 1804ms, Avg: 2766ms, Max: 3093ms
2026-04-08 17:55:46 [INFO] [Poseidon-Watchdog] A server tick hasn't occurred in 3 seconds.
2026-04-08 17:55:47 [WARNING] [Poseidon] Event PLUGIN_DISABLE in ru.tehkode.permissions.bukkit.BukkitPermissions$BukkitEvents:PLUGIN_DISABLE took 3019 milliseconds. Statistics: Called: 88 times, Min: 1804ms, Avg: 2769ms, Max: 3093ms
2026-04-08 17:55:47 [INFO] [RankUp] Loading...
2026-04-08 17:55:47 [INFO] [RankUp] PermissionsEx initialized!
2026-04-08 17:55:47 [INFO] [RankUp] Finished!
2026-04-08 17:55:49 [INFO] [Poseidon-Watchdog] A server tick hasn't occurred in 6 seconds.
2026-04-08 17:55:50 [WARNING] [Poseidon] Event PLUGIN_ENABLE in ru.tehkode.permissions.bukkit.BukkitPermissions$BukkitEvents:PLUGIN_ENABLE took 3048 milliseconds. Statistics: Called: 123 times, Min: 0ms, Avg: 1986ms, Max: 3143ms
2026-04-08 17:55:52 [INFO] [Poseidon-Watchdog] A server tick hasn't occurred in 9 seconds.
2026-04-08 17:55:53 [WARNING] [Poseidon] Event PLUGIN_ENABLE in ru.tehkode.permissions.bukkit.BukkitPermissions$BukkitEvents:PLUGIN_ENABLE took 3086 milliseconds. Statistics: Called: 124 times, Min: 0ms, Avg: 1995ms, Max: 3143ms
2026-04-08 17:55:53 [WARNING] [Poseidon] Synchronous task from plugin PluginReloader took 12179 milliseconds. Statistics: Called: 64 times, Min: 2501ms, Avg: 7676ms, Max: 17284ms
2026-04-08 17:55:53 [WARNING] Can't keep up! Did the system time change, or is the server overloaded?
2026-04-08 17:55:53 [INFO] [Citizens] version [1.0.9d] (Odyssey) disabled
2026-04-08 17:55:56 [WARNING] [Poseidon] Event PLUGIN_DISABLE in ru.tehkode.permissions.bukkit.BukkitPermissions$BukkitEvents:PLUGIN_DISABLE took 3019 milliseconds. Statistics: Called: 89 times, Min: 1804ms, Avg: 2771ms, Max: 3093ms
2026-04-08 17:55:58 [INFO] [Poseidon-Watchdog] A server tick hasn't occurred in 3 seconds.
2026-04-08 17:55:59 [WARNING] [Poseidon] Event PLUGIN_DISABLE in ru.tehkode.permissions.bukkit.BukkitPermissions$BukkitEvents:PLUGIN_DISABLE took 3025 milliseconds. Statistics: Called: 90 times, Min: 1804ms, Avg: 2774ms, Max: 3093ms
2026-04-08 17:55:59 [INFO] [Citizens] Loaded 0 quests.
2026-04-08 17:55:59 [INFO] [Citizens] Permissions enabled.
2026-04-08 17:55:59 [INFO] [Citizens] version [1.0.9d] (Odyssey) loaded
2026-04-08 17:56:01 [INFO] [Poseidon-Watchdog] A server tick hasn't occurred in 6 seconds.
2026-04-08 17:56:02 [WARNING] [Poseidon] Event PLUGIN_ENABLE in ru.tehkode.permissions.bukkit.BukkitPermissions$BukkitEvents:PLUGIN_ENABLE took 3014 milliseconds. Statistics: Called: 125 times, Min: 0ms, Avg: 2003ms, Max: 3143ms
2026-04-08 17:56:04 [INFO] [Poseidon-Watchdog] A server tick hasn't occurred in 9 seconds.
2026-04-08 17:56:05 [WARNING] [Poseidon] Event PLUGIN_ENABLE in ru.tehkode.permissions.bukkit.BukkitPermissions$BukkitEvents:PLUGIN_ENABLE took 3021 milliseconds. Statistics: Called: 126 times, Min: 0ms, Avg: 2011ms, Max: 3143ms
2026-04-08 17:56:05 [INFO] [Citizens] Payment method found (iConomy version: 5)
2026-04-08 17:56:05 [WARNING] [Poseidon] Synchronous task from plugin PluginReloader took 12084 milliseconds. Statistics: Called: 65 times, Min: 2501ms, Avg: 7744ms, Max: 17284ms
2026-04-08 17:56:08 [WARNING] [Poseidon] Event PLUGIN_DISABLE in ru.tehkode.permissions.bukkit.BukkitPermissions$BukkitEvents:PLUGIN_DISABLE took 3048 milliseconds. Statistics: Called: 91 times, Min: 1804ms, Avg: 2777ms, Max: 3093ms
2026-04-08 17:56:10 [INFO] [Poseidon-Watchdog] A server tick hasn't occurred in 3 seconds.
2026-04-08 17:56:11 [WARNING] [Poseidon] Event PLUGIN_DISABLE in ru.tehkode.permissions.bukkit.BukkitPermissions$BukkitEvents:PLUGIN_DISABLE took 3047 milliseconds. Statistics: Called: 92 times, Min: 1804ms, Avg: 2780ms, Max: 3093ms
2026-04-08 17:56:11 [INFO] WirelessRedstone: WirelessRedstone version 1.0e alpha is loading...
2026-04-08 17:56:11 [INFO] WirelessRedstone: Detected Permissions version 3.1.6-bridge
2026-04-08 17:56:11 [INFO] WirelessRedstone: Registering Events...
2026-04-08 17:56:11 [INFO] WirelessRedstone version 1.0e alpha is enabled!
2026-04-08 17:56:13 [INFO] [Poseidon-Watchdog] A server tick hasn't occurred in 6 seconds.
2026-04-08 17:56:14 [WARNING] [Poseidon] Event PLUGIN_ENABLE in ru.tehkode.permissions.bukkit.BukkitPermissions$BukkitEvents:PLUGIN_ENABLE took 3019 milliseconds. Statistics: Called: 127 times, Min: 0ms, Avg: 2019ms, Max: 3143ms
2026-04-08 17:56:16 [INFO] [Poseidon-Watchdog] A server tick hasn't occurred in 9 seconds.
2026-04-08 17:56:17 [WARNING] [Poseidon] Event PLUGIN_ENABLE in ru.tehkode.permissions.bukkit.BukkitPermissions$BukkitEvents:PLUGIN_ENABLE took 3065 milliseconds. Statistics: Called: 128 times, Min: 0ms, Avg: 2027ms, Max: 3143ms
2026-04-08 17:56:17 [WARNING] [Poseidon] Synchronous task from plugin PluginReloader took 12180 milliseconds. Statistics: Called: 66 times, Min: 2501ms, Avg: 7811ms, Max: 17284ms
2026-04-08 17:56:17 [INFO] [Citizens] Loaded 0 NPCs.
2026-04-08 17:56:17 [WARNING] Can't keep up! Did the system time change, or is the server overloaded?
2026-04-08 17:56:21 [WARNING] [Poseidon] Event PLUGIN_DISABLE in ru.tehkode.permissions.bukkit.BukkitPermissions$BukkitEvents:PLUGIN_DISABLE took 3058 milliseconds. Statistics: Called: 93 times, Min: 1804ms, Avg: 2783ms, Max: 3093ms
2026-04-08 17:56:22 [INFO] [Poseidon-Watchdog] A server tick hasn't occurred in 3 seconds.
2026-04-08 17:56:24 [WARNING] [Poseidon] Event PLUGIN_DISABLE in ru.tehkode.permissions.bukkit.BukkitPermissions$BukkitEvents:PLUGIN_DISABLE took 3008 milliseconds. Statistics: Called: 94 times, Min: 1804ms, Avg: 2785ms, Max: 3093ms
2026-04-08 17:56:24 [INFO] Loaded EssentialsSpawn build 2.5.8 by: essentials team
2026-04-08 17:56:25 [INFO] [Poseidon-Watchdog] A server tick hasn't occurred in 6 seconds.
2026-04-08 17:56:27 [WARNING] [Poseidon] Event PLUGIN_ENABLE in ru.tehkode.permissions.bukkit.BukkitPermissions$BukkitEvents:PLUGIN_ENABLE took 2991 milliseconds. Statistics: Called: 129 times, Min: 0ms, Avg: 2035ms, Max: 3143ms
2026-04-08 17:56:28 [INFO] [Poseidon-Watchdog] A server tick hasn't occurred in 9 seconds.
2026-04-08 17:56:30 [WARNING] [Poseidon] Event PLUGIN_ENABLE in ru.tehkode.permissions.bukkit.BukkitPermissions$BukkitEvents:PLUGIN_ENABLE took 3009 milliseconds. Statistics: Called: 130 times, Min: 0ms, Avg: 2042ms, Max: 3143ms
2026-04-08 17:56:30 [WARNING] [Poseidon] Synchronous task from plugin PluginReloader took 12069 milliseconds. Statistics: Called: 67 times, Min: 2501ms, Avg: 7875ms, Max: 17284ms
2026-04-08 17:56:34 [WARNING] [Poseidon] Event PLUGIN_DISABLE in ru.tehkode.permissions.bukkit.BukkitPermissions$BukkitEvents:PLUGIN_DISABLE took 3021 milliseconds. Statistics: Called: 95 times, Min: 1804ms, Avg: 2788ms, Max: 3093ms
2026-04-08 17:56:34 [INFO] [Poseidon-Watchdog] A server tick hasn't occurred in 3 seconds.
2026-04-08 17:56:37 [WARNING] [Poseidon] Event PLUGIN_DISABLE in ru.tehkode.permissions.bukkit.BukkitPermissions$BukkitEvents:PLUGIN_DISABLE took 3054 milliseconds. Statistics: Called: 96 times, Min: 1804ms, Avg: 2791ms, Max: 3093ms
2026-04-08 17:56:37 [INFO] Loaded EssentialsProtect build 2.5.8 by: essentials team
2026-04-08 17:56:37 [INFO] [Poseidon-Watchdog] A server tick hasn't occurred in 6 seconds.
2026-04-08 17:56:40 [WARNING] [Poseidon] Event PLUGIN_ENABLE in ru.tehkode.permissions.bukkit.BukkitPermissions$BukkitEvents:PLUGIN_ENABLE took 2980 milliseconds. Statistics: Called: 131 times, Min: 0ms, Avg: 2049ms, Max: 3143ms
2026-04-08 17:56:40 [INFO] [Poseidon-Watchdog] A server tick hasn't occurred in 9 seconds.
2026-04-08 17:56:43 [WARNING] [Poseidon] Event PLUGIN_ENABLE in ru.tehkode.permissions.bukkit.BukkitPermissions$BukkitEvents:PLUGIN_ENABLE took 2981 milliseconds. Statistics: Called: 132 times, Min: 0ms, Avg: 2057ms, Max: 3143ms
2026-04-08 17:56:43 [WARNING] [Poseidon] Synchronous task from plugin PluginReloader took 13052 milliseconds. Statistics: Called: 68 times, Min: 2501ms, Avg: 7951ms, Max: 17284ms
2026-04-08 17:56:43 [WARNING] Can't keep up! Did the system time change, or is the server overloaded?
2026-04-08 17:56:46 [WARNING] [Poseidon] Event PLUGIN_DISABLE in ru.tehkode.permissions.bukkit.BukkitPermissions$BukkitEvents:PLUGIN_DISABLE took 3000 milliseconds. Statistics: Called: 97 times, Min: 1804ms, Avg: 2793ms, Max: 3093ms
2026-04-08 17:56:46 [INFO] [Poseidon-Watchdog] A server tick hasn't occurred in 3 seconds.
2026-04-08 17:56:49 [WARNING] [Poseidon] Event PLUGIN_DISABLE in ru.tehkode.permissions.bukkit.BukkitPermissions$BukkitEvents:PLUGIN_DISABLE took 2969 milliseconds. Statistics: Called: 98 times, Min: 1804ms, Avg: 2795ms, Max: 3093ms
2026-04-08 17:56:49 [INFO] ItemLWC enabled.
2026-04-08 17:56:49 [INFO] [Poseidon-Watchdog] A server tick hasn't occurred in 6 seconds.
2026-04-08 17:56:52 [WARNING] [Poseidon] Event PLUGIN_ENABLE in ru.tehkode.permissions.bukkit.BukkitPermissions$BukkitEvents:PLUGIN_ENABLE took 3002 milliseconds. Statistics: Called: 133 times, Min: 0ms, Avg: 2064ms, Max: 3143ms
2026-04-08 17:56:52 [INFO] [Poseidon-Watchdog] A server tick hasn't occurred in 9 seconds.
2026-04-08 17:56:55 [WARNING] [Poseidon] Event PLUGIN_ENABLE in ru.tehkode.permissions.bukkit.BukkitPermissions$BukkitEvents:PLUGIN_ENABLE took 2990 milliseconds. Statistics: Called: 134 times, Min: 0ms, Avg: 2071ms, Max: 3143ms
2026-04-08 17:56:55 [WARNING] [Poseidon] Synchronous task from plugin PluginReloader took 11963 milliseconds. Statistics: Called: 69 times, Min: 2501ms, Avg: 8009ms, Max: 17284ms
2026-04-08 17:56:55 [INFO] [QuestPlus] disabled.
2026-04-08 17:56:58 [WARNING] [Poseidon] Event PLUGIN_DISABLE in ru.tehkode.permissions.bukkit.BukkitPermissions$BukkitEvents:PLUGIN_DISABLE took 2997 milliseconds. Statistics: Called: 99 times, Min: 1804ms, Avg: 2797ms, Max: 3093ms
2026-04-08 17:56:58 [INFO] [Poseidon-Watchdog] A server tick hasn't occurred in 3 seconds.
2026-04-08 17:57:01 [WARNING] [Poseidon] Event PLUGIN_DISABLE in ru.tehkode.permissions.bukkit.BukkitPermissions$BukkitEvents:PLUGIN_DISABLE took 2980 milliseconds. Statistics: Called: 100 times, Min: 1804ms, Avg: 2798ms, Max: 3093ms
2026-04-08 17:57:01 [INFO] [QuestPlus] Loaded 15 collect items, 7 mob types, 6 animal types, 8 mine blocks, 6 place blocks, 1 giant types, 1 human types, 9 reward items.
2026-04-08 17:57:01 [INFO] [QuestPlus] Economy support enabled (Vault (iConomy 5)).
2026-04-08 17:57:01 [INFO] [QuestPlus] Citizens NPC support enabled.
2026-04-08 17:57:01 [INFO] [QuestPlus] NaturalGiants detected (spawnrate=1.0) - giant quests enabled.
2026-04-08 17:57:01 [INFO] [QuestPlus] NaturalHumans detected (spawnrate=5.0) - human quests enabled.
2026-04-08 17:57:01 [INFO] [QuestPlus] Global quest scheduled every 60 minutes.
2026-04-08 17:57:01 [INFO] [QuestPlus] v0.16 enabled.
2026-04-08 17:57:01 [INFO] [Poseidon-Watchdog] A server tick hasn't occurred in 6 seconds.
2026-04-08 17:57:04 [WARNING] [Poseidon] Event PLUGIN_ENABLE in ru.tehkode.permissions.bukkit.BukkitPermissions$BukkitEvents:PLUGIN_ENABLE took 2987 milliseconds. Statistics: Called: 135 times, Min: 0ms, Avg: 2077ms, Max: 3143ms
2026-04-08 17:57:04 [INFO] [Poseidon-Watchdog] A server tick hasn't occurred in 9 seconds.
2026-04-08 17:57:07 [WARNING] [Poseidon] Event PLUGIN_ENABLE in ru.tehkode.permissions.bukkit.BukkitPermissions$BukkitEvents:PLUGIN_ENABLE took 2990 milliseconds. Statistics: Called: 136 times, Min: 0ms, Avg: 2084ms, Max: 3143ms
2026-04-08 17:57:07 [WARNING] [Poseidon] Synchronous task from plugin PluginReloader took 11959 milliseconds. Statistics: Called: 70 times, Min: 2501ms, Avg: 8065ms, Max: 17284ms
2026-04-08 17:57:07 [WARNING] Can't keep up! Did the system time change, or is the server overloaded?
2026-04-08 17:57:07 [INFO] [DeadMansChest] unloaded.
2026-04-08 17:57:10 [WARNING] [Poseidon] Event PLUGIN_DISABLE in ru.tehkode.permissions.bukkit.BukkitPermissions$BukkitEvents:PLUGIN_DISABLE took 3001 milliseconds. Statistics: Called: 101 times, Min: 1804ms, Avg: 2800ms, Max: 3093ms
2026-04-08 17:57:10 [INFO] [Poseidon-Watchdog] A server tick hasn't occurred in 3 seconds.
2026-04-08 17:57:13 [WARNING] [Poseidon] Event PLUGIN_DISABLE in ru.tehkode.permissions.bukkit.BukkitPermissions$BukkitEvents:PLUGIN_DISABLE took 2985 milliseconds. Statistics: Called: 102 times, Min: 1804ms, Avg: 2802ms, Max: 3093ms
2026-04-08 17:57:13 [INFO] [DeadMansChest] LWC plugin found!
2026-04-08 17:57:13 [INFO] [DeadMansChest] loaded.
2026-04-08 17:57:13 [INFO] [Poseidon-Watchdog] A server tick hasn't occurred in 6 seconds.
2026-04-08 17:57:16 [WARNING] [Poseidon] Event PLUGIN_ENABLE in ru.tehkode.permissions.bukkit.BukkitPermissions$BukkitEvents:PLUGIN_ENABLE took 3007 milliseconds. Statistics: Called: 137 times, Min: 0ms, Avg: 2091ms, Max: 3143ms
2026-04-08 17:57:16 [INFO] [Poseidon-Watchdog] A server tick hasn't occurred in 9 seconds.
2026-04-08 17:57:19 [WARNING] [Poseidon] Event PLUGIN_ENABLE in ru.tehkode.permissions.bukkit.BukkitPermissions$BukkitEvents:PLUGIN_ENABLE took 3025 milliseconds. Statistics: Called: 138 times, Min: 0ms, Avg: 2098ms, Max: 3143ms
2026-04-08 17:57:19 [WARNING] [Poseidon] Synchronous task from plugin PluginReloader took 12019 milliseconds. Statistics: Called: 71 times, Min: 2501ms, Avg: 8121ms, Max: 17284ms
2026-04-08 17:57:19 [WARNING] Can't keep up! Did the system time change, or is the server overloaded?
2026-04-08 17:57:22 [WARNING] [Poseidon] Event PLUGIN_DISABLE in ru.tehkode.permissions.bukkit.BukkitPermissions$BukkitEvents:PLUGIN_DISABLE took 3042 milliseconds. Statistics: Called: 103 times, Min: 1804ms, Avg: 2805ms, Max: 3093ms
2026-04-08 17:57:22 [INFO] [Poseidon-Watchdog] A server tick hasn't occurred in 3 seconds.
2026-04-08 17:57:25 [WARNING] [Poseidon] Event PLUGIN_DISABLE in ru.tehkode.permissions.bukkit.BukkitPermissions$BukkitEvents:PLUGIN_DISABLE took 2974 milliseconds. Statistics: Called: 104 times, Min: 1804ms, Avg: 2806ms, Max: 3093ms
2026-04-08 17:57:25 [INFO] [SimpleClans] Version 1.5.2 loaded
2026-04-08 17:57:25 [INFO] [SimpleClans] SQLite Connection successful
2026-04-08 17:57:25 [INFO] [Poseidon-Watchdog] A server tick hasn't occurred in 6 seconds.
2026-04-08 17:57:28 [WARNING] [Poseidon] Event PLUGIN_ENABLE in ru.tehkode.permissions.bukkit.BukkitPermissions$BukkitEvents:PLUGIN_ENABLE took 2988 milliseconds. Statistics: Called: 139 times, Min: 0ms, Avg: 2104ms, Max: 3143ms
2026-04-08 17:57:28 [INFO] [Poseidon-Watchdog] A server tick hasn't occurred in 9 seconds.
2026-04-08 17:57:31 [WARNING] [Poseidon] Event PLUGIN_ENABLE in ru.tehkode.permissions.bukkit.BukkitPermissions$BukkitEvents:PLUGIN_ENABLE took 3010 milliseconds. Statistics: Called: 140 times, Min: 0ms, Avg: 2110ms, Max: 3143ms
2026-04-08 17:57:31 [INFO] [SimpleClans] Payment method: iConomy v5
2026-04-08 17:57:31 [WARNING] [Poseidon] Synchronous task from plugin PluginReloader took 12019 milliseconds. Statistics: Called: 72 times, Min: 2501ms, Avg: 8175ms, Max: 17284ms
2026-04-08 17:57:34 [WARNING] [Poseidon] Event PLUGIN_DISABLE in ru.tehkode.permissions.bukkit.BukkitPermissions$BukkitEvents:PLUGIN_DISABLE took 2997 milliseconds. Statistics: Called: 105 times, Min: 1804ms, Avg: 2808ms, Max: 3093ms
2026-04-08 17:57:34 [INFO] [Poseidon-Watchdog] A server tick hasn't occurred in 3 seconds.
2026-04-08 17:57:37 [WARNING] [Poseidon] Event PLUGIN_DISABLE in ru.tehkode.permissions.bukkit.BukkitPermissions$BukkitEvents:PLUGIN_DISABLE took 3011 milliseconds. Statistics: Called: 106 times, Min: 1804ms, Avg: 2810ms, Max: 3093ms
2026-04-08 17:57:37 [INFO] [PreciousStones] version 5.5.9 loaded
2026-04-08 17:57:37 [INFO] [PreciousStones] SQLite Connection successful
2026-04-08 17:57:37 [INFO] [Poseidon-Watchdog] A server tick hasn't occurred in 6 seconds.
2026-04-08 17:57:40 [INFO] [Poseidon-Watchdog] A server tick hasn't occurred in 9 seconds.
2026-04-08 17:57:40 [WARNING] [Poseidon] Event PLUGIN_ENABLE in ru.tehkode.permissions.bukkit.BukkitPermissions$BukkitEvents:PLUGIN_ENABLE took 3051 milliseconds. Statistics: Called: 141 times, Min: 0ms, Avg: 2117ms, Max: 3143ms
2026-04-08 17:57:43 [INFO] [Poseidon-Watchdog] A server tick hasn't occurred in 12 seconds.
2026-04-08 17:57:43 [WARNING] [Poseidon] Event PLUGIN_ENABLE in ru.tehkode.permissions.bukkit.BukkitPermissions$BukkitEvents:PLUGIN_ENABLE took 3053 milliseconds. Statistics: Called: 142 times, Min: 0ms, Avg: 2124ms, Max: 3143ms
2026-04-08 17:57:43 [INFO] [PreciousStones] Payment method: iConomy v5
2026-04-08 17:57:43 [WARNING] [Poseidon] Synchronous task from plugin PluginReloader took 12117 milliseconds. Statistics: Called: 73 times, Min: 2501ms, Avg: 8229ms, Max: 17284ms
2026-04-08 17:57:43 [INFO] TrainCarts disabled!
2026-04-08 17:57:46 [WARNING] [Poseidon] Event PLUGIN_DISABLE in ru.tehkode.permissions.bukkit.BukkitPermissions$BukkitEvents:PLUGIN_DISABLE took 3054 milliseconds. Statistics: Called: 107 times, Min: 1804ms, Avg: 2812ms, Max: 3093ms
2026-04-08 17:57:49 [INFO] [Poseidon-Watchdog] A server tick hasn't occurred in 3 seconds.
2026-04-08 17:57:49 [WARNING] [Poseidon] Event PLUGIN_DISABLE in ru.tehkode.permissions.bukkit.BukkitPermissions$BukkitEvents:PLUGIN_DISABLE took 3039 milliseconds. Statistics: Called: 108 times, Min: 1804ms, Avg: 2814ms, Max: 3093ms
2026-04-08 17:57:49 [INFO] [TrainCarts] 0 Trains have been loaded in 0 worlds. (0 Minecarts)
2026-04-08 17:57:49 [INFO] [TrainCarts] version 1.28 is enabled!
2026-04-08 17:57:52 [INFO] [Poseidon-Watchdog] A server tick hasn't occurred in 6 seconds.
2026-04-08 17:57:52 [WARNING] [Poseidon] Event PLUGIN_ENABLE in ru.tehkode.permissions.bukkit.BukkitPermissions$BukkitEvents:PLUGIN_ENABLE took 3078 milliseconds. Statistics: Called: 143 times, Min: 0ms, Avg: 2130ms, Max: 3143ms
2026-04-08 17:57:55 [INFO] [Poseidon-Watchdog] A server tick hasn't occurred in 9 seconds.
2026-04-08 17:57:55 [WARNING] [Poseidon] Event PLUGIN_ENABLE in ru.tehkode.permissions.bukkit.BukkitPermissions$BukkitEvents:PLUGIN_ENABLE took 3046 milliseconds. Statistics: Called: 144 times, Min: 0ms, Avg: 2137ms, Max: 3143ms
2026-04-08 17:57:55 [WARNING] [Poseidon] Synchronous task from plugin PluginReloader took 12218 milliseconds. Statistics: Called: 74 times, Min: 2501ms, Avg: 8283ms, Max: 17284ms
2026-04-08 17:57:55 [WARNING] Can't keep up! Did the system time change, or is the server overloaded?
2026-04-08 17:57:58 [WARNING] [Poseidon] Event PLUGIN_DISABLE in ru.tehkode.permissions.bukkit.BukkitPermissions$BukkitEvents:PLUGIN_DISABLE took 3084 milliseconds. Statistics: Called: 109 times, Min: 1804ms, Avg: 2817ms, Max: 3093ms
2026-04-08 17:58:01 [INFO] [Poseidon-Watchdog] A server tick hasn't occurred in 3 seconds.
2026-04-08 17:58:01 [WARNING] [Poseidon] Event PLUGIN_DISABLE in ru.tehkode.permissions.bukkit.BukkitPermissions$BukkitEvents:PLUGIN_DISABLE took 3047 milliseconds. Statistics: Called: 110 times, Min: 1804ms, Avg: 2819ms, Max: 3093ms
2026-04-08 17:58:01 [INFO] [MemoryStone] MemoryStone version 1.0.9 is enabled!
2026-04-08 17:58:01 [INFO] [MemoryStone] Hooked into: iConomy 5
2026-04-08 17:58:01 [INFO] [MemoryStone] loaded 10 structure types
2026-04-08 17:58:01 [INFO] [MemoryStone] Loaded 0 structure(s)
2026-04-08 17:58:04 [INFO] [Poseidon-Watchdog] A server tick hasn't occurred in 6 seconds.
2026-04-08 17:58:04 [WARNING] [Poseidon] Event PLUGIN_ENABLE in ru.tehkode.permissions.bukkit.BukkitPermissions$BukkitEvents:PLUGIN_ENABLE took 3084 milliseconds. Statistics: Called: 145 times, Min: 0ms, Avg: 2143ms, Max: 3143ms
2026-04-08 17:58:07 [INFO] [Poseidon-Watchdog] A server tick hasn't occurred in 9 seconds.
2026-04-08 17:58:08 [WARNING] [Poseidon] Event PLUGIN_ENABLE in ru.tehkode.permissions.bukkit.BukkitPermissions$BukkitEvents:PLUGIN_ENABLE took 3031 milliseconds. Statistics: Called: 146 times, Min: 0ms, Avg: 2149ms, Max: 3143ms
2026-04-08 17:58:08 [WARNING] [Poseidon] Synchronous task from plugin PluginReloader took 12251 milliseconds. Statistics: Called: 75 times, Min: 2501ms, Avg: 8336ms, Max: 17284ms
2026-04-08 17:58:08 [INFO] OtherDrops 2.0-beta1 unloaded.
2026-04-08 17:58:11 [WARNING] [Poseidon] Event PLUGIN_DISABLE in ru.tehkode.permissions.bukkit.BukkitPermissions$BukkitEvents:PLUGIN_DISABLE took 3041 milliseconds. Statistics: Called: 111 times, Min: 1804ms, Avg: 2821ms, Max: 3093ms
2026-04-08 17:58:13 [INFO] [Poseidon-Watchdog] A server tick hasn't occurred in 3 seconds.
2026-04-08 17:58:14 [WARNING] [Poseidon] Event PLUGIN_DISABLE in ru.tehkode.permissions.bukkit.BukkitPermissions$BukkitEvents:PLUGIN_DISABLE took 3064 milliseconds. Statistics: Called: 112 times, Min: 1804ms, Avg: 2823ms, Max: 3093ms
2026-04-08 17:58:14 [INFO] [OtherDrops:2.0-beta1] OtherDrops loaded.
2026-04-08 17:58:16 [INFO] [Poseidon-Watchdog] A server tick hasn't occurred in 6 seconds.
2026-04-08 17:58:17 [WARNING] [Poseidon] Event PLUGIN_ENABLE in ru.tehkode.permissions.bukkit.BukkitPermissions$BukkitEvents:PLUGIN_ENABLE took 3002 milliseconds. Statistics: Called: 147 times, Min: 0ms, Avg: 2155ms, Max: 3143ms
2026-04-08 17:58:19 [INFO] [Poseidon-Watchdog] A server tick hasn't occurred in 9 seconds.
2026-04-08 17:58:20 [WARNING] [Poseidon] Event PLUGIN_ENABLE in ru.tehkode.permissions.bukkit.BukkitPermissions$BukkitEvents:PLUGIN_ENABLE took 3009 milliseconds. Statistics: Called: 148 times, Min: 0ms, Avg: 2161ms, Max: 3143ms
2026-04-08 17:58:20 [WARNING] [Poseidon] Synchronous task from plugin PluginReloader took 12116 milliseconds. Statistics: Called: 76 times, Min: 2501ms, Avg: 8386ms, Max: 17284ms
2026-04-08 17:58:20 [WARNING] Can't keep up! Did the system time change, or is the server overloaded?
2026-04-08 17:58:36 [INFO] <[35m[[35mOwner[35m] patschgo[35m> hi[0m
2026-04-08 17:58:41 [INFO] patschgo issued server command: /plugins
2026-04-08 17:58:50 [INFO] [AcceptRules] AcceptRules plugin succesfully disabled!
2026-04-08 17:58:53 [WARNING] [Poseidon] Event PLUGIN_DISABLE in ru.tehkode.permissions.bukkit.BukkitPermissions$BukkitEvents:PLUGIN_DISABLE took 3075 milliseconds. Statistics: Called: 113 times, Min: 1804ms, Avg: 2825ms, Max: 3093ms
2026-04-08 17:58:55 [INFO] [Poseidon-Watchdog] A server tick hasn't occurred in 3 seconds.
2026-04-08 17:58:56 [WARNING] [Poseidon] Event PLUGIN_DISABLE in ru.tehkode.permissions.bukkit.BukkitPermissions$BukkitEvents:PLUGIN_DISABLE took 3031 milliseconds. Statistics: Called: 114 times, Min: 1804ms, Avg: 2827ms, Max: 3093ms
2026-04-08 17:58:56 [INFO] [AcceptRules] AcceptRules plugin succesfully enabled!
2026-04-08 17:58:58 [INFO] [Poseidon-Watchdog] A server tick hasn't occurred in 6 seconds.
2026-04-08 17:58:59 [WARNING] [Poseidon] Event PLUGIN_ENABLE in ru.tehkode.permissions.bukkit.BukkitPermissions$BukkitEvents:PLUGIN_ENABLE took 3040 milliseconds. Statistics: Called: 149 times, Min: 0ms, Avg: 2167ms, Max: 3143ms
2026-04-08 17:59:01 [INFO] [Poseidon-Watchdog] A server tick hasn't occurred in 9 seconds.
2026-04-08 17:59:02 [WARNING] [Poseidon] Event PLUGIN_ENABLE in ru.tehkode.permissions.bukkit.BukkitPermissions$BukkitEvents:PLUGIN_ENABLE took 2997 milliseconds. Statistics: Called: 150 times, Min: 0ms, Avg: 2172ms, Max: 3143ms
2026-04-08 17:59:04 [INFO] [Poseidon-Watchdog] A server tick hasn't occurred in 12 seconds.
2026-04-08 17:59:07 [INFO] [Poseidon-Watchdog] A server tick hasn't occurred in 15 seconds.
2026-04-08 17:59:07 [WARNING] [Poseidon] Event PLUGIN_DISABLE in ru.tehkode.permissions.bukkit.BukkitPermissions$BukkitEvents:PLUGIN_DISABLE took 3068 milliseconds. Statistics: Called: 115 times, Min: 1804ms, Avg: 2829ms, Max: 3093ms
2026-04-08 17:59:10 [INFO] [Poseidon-Watchdog] A server tick hasn't occurred in 18 seconds.
2026-04-08 17:59:10 [WARNING] [Poseidon] Event PLUGIN_DISABLE in ru.tehkode.permissions.bukkit.BukkitPermissions$BukkitEvents:PLUGIN_DISABLE took 3034 milliseconds. Statistics: Called: 116 times, Min: 1804ms, Avg: 2831ms, Max: 3093ms
2026-04-08 17:59:10 [INFO] patschgo issued server command: /plcheck
2026-04-08 17:59:12 [INFO] patschgo issued server command: /plcheck
2026-04-08 17:59:12 [WARNING] Can't keep up! Did the system time change, or is the server overloaded?
2026-04-08 17:59:12 [INFO] Default37
2026-04-08 17:59:13 [INFO] [Poseidon] Default37 does not have a Mojang UUID associated with their name
2026-04-08 17:59:13 [INFO] [Poseidon] Using Offline Based UUID for Default37 - 55032664-b3a1-3bdd-97da-326c5f285fe1
2026-04-08 17:59:13 [INFO] [BACKUP] Stopped last backup, start with normal backup cyclus!
2026-04-08 17:59:13 [INFO] [Citizens] Creating new config file at plugins/Citizens/Player Profiles/Default37.yml.
2026-04-08 17:59:13 [INFO] Creating empty config: /home/container/plugins/Essentials/userdata/default37.yml
2026-04-08 17:59:13 [INFO] Default37 [/217.160.170.104:56915] logged in with entity id 48377 at ([world] 26.5, 65.62000000476837, 39.5)
2026-04-08 17:59:13 [INFO] [Showcase] Registered type [finite] (0 items loaded)
2026-04-08 17:59:13 [INFO] [Showcase] Registered type [infinite] (0 items loaded)
2026-04-08 17:59:13 [INFO] [Showcase] Registered type [exchange] (0 items loaded)
2026-04-08 17:59:13 [INFO] [Showcase] Registered type [tutorial] (0 items loaded)
2026-04-08 17:59:13 [INFO] [Showcase] Registered type [basic] (0 items loaded)
2026-04-08 17:59:23 [INFO] [Showcase] Registered type [finite] (0 items loaded)
2026-04-08 17:59:23 [INFO] [Showcase] Registered type [infinite] (0 items loaded)
2026-04-08 17:59:23 [INFO] [Showcase] Registered type [exchange] (0 items loaded)
2026-04-08 17:59:23 [INFO] [Showcase] Registered type [tutorial] (0 items loaded)
2026-04-08 17:59:23 [INFO] [Showcase] Registered type [basic] (0 items loaded)
2026-04-08 17:59:37 [INFO] [PLAYER_COMMAND] patschgo: /tphere default37 
2026-04-08 17:59:37 [INFO] patschgo issued server command: /tphere default37
2026-04-08 17:59:38 [INFO] Default37 issued server command: COMMAND REDACTED
2026-04-08 17:59:44 [INFO] [AuthMe] Player Default37 is now registered!
2026-04-08 17:59:44 [INFO] Default37 issued server command: COMMAND REDACTED
2026-04-08 17:59:50 [INFO] Default37 issued server command: COMMAND REDACTED
2026-04-08 17:59:50 [INFO] patschgo has left the game.
2026-04-08 17:59:51 [INFO] patschgo
2026-04-08 17:59:51 [INFO] [Poseidon] Fetched UUID from Cache for patschgo - b09f074e-0592-42df-a4d1-467787038274
2026-04-08 17:59:51 [INFO] patschgo [/217.160.170.104:18748] logged in with entity id 50798 at ([world] 204.7922285587188, 80.0, 719.7795229575044)
2026-04-08 17:59:51 [INFO] [Showcase] Registered type [finite] (0 items loaded)
2026-04-08 17:59:51 [INFO] [Showcase] Registered type [infinite] (0 items loaded)
2026-04-08 17:59:51 [INFO] [Showcase] Registered type [exchange] (0 items loaded)
2026-04-08 17:59:51 [INFO] [Showcase] Registered type [tutorial] (0 items loaded)
2026-04-08 17:59:51 [INFO] [Showcase] Registered type [basic] (0 items loaded)
2026-04-08 17:59:51 [INFO] CustomPayloadPacket default constructor called
2026-04-08 17:59:51 [INFO] CustomPayloadPacket default constructor called
2026-04-08 17:59:53 [WARNING] [Poseidon] Event PLAYER_JOIN in ru.tehkode.permissions.bukkit.BukkitPermissions$PlayerEvents:PLAYER_JOIN took 2237 milliseconds. Statistics: Called: 16 times, Min: 6ms, Avg: 586ms, Max: 2237ms
2026-04-08 17:59:55 [INFO] [Poseidon-Watchdog] A server tick hasn't occurred in 3 seconds.
2026-04-08 17:59:56 [WARNING] [Poseidon] Event PLAYER_JOIN in ru.tehkode.permissions.bukkit.BukkitPermissions$PlayerEvents:PLAYER_JOIN took 2521 milliseconds. Statistics: Called: 17 times, Min: 6ms, Avg: 700ms, Max: 2521ms
2026-04-08 17:59:56 [INFO] CustomPayloadPacket received! Channel: OSL|Handshake, Size: 68
2026-04-08 17:59:56 [INFO] Got Packet
2026-04-08 17:59:56 [INFO] CustomPayloadPacket received! Channel: voice|mod_supported, Size: 7
2026-04-08 17:59:56 [INFO] Got Packet
2026-04-08 17:59:56 [INFO] Player patschgo supports voice mod with protocol 1.0.0
2026-04-08 17:59:56 [INFO] Generated auth token for player patschgo (network ID: 50798): token_patschgo_1775671196237
2026-04-08 17:59:56 [INFO] Sent voice server info to patschgo
2026-04-08 17:59:56 [WARNING] Can't keep up! Did the system time change, or is the server overloaded?
2026-04-08 18:00:02 [INFO] [Showcase] Registered type [finite] (0 items loaded)
2026-04-08 18:00:02 [INFO] [Showcase] Registered type [infinite] (0 items loaded)
2026-04-08 18:00:02 [INFO] [Showcase] Registered type [exchange] (0 items loaded)
2026-04-08 18:00:02 [INFO] [Showcase] Registered type [tutorial] (0 items loaded)
2026-04-08 18:00:02 [INFO] [Showcase] Registered type [basic] (0 items loaded)
2026-04-08 18:00:03 [INFO] [AuthMe] Player patschgo logged in!
2026-04-08 18:00:03 [INFO] patschgo issued server command: COMMAND REDACTED
2026-04-08 18:00:56 [INFO] Default37 has left the game.
2026-04-08 18:01:24 [INFO] patschgo issued server command: /season get
2026-04-08 18:01:36 [INFO] patschgo issued server command: /season
2026-04-08 18:01:42 [INFO] patschgo issued server command: /season list
2026-04-08 18:02:22 [INFO] Sebastian_Tyb
2026-04-08 18:02:22 [INFO] [Poseidon] Sebastian_Tyb does not have a Mojang UUID associated with their name
2026-04-08 18:02:22 [INFO] [Poseidon] Using Offline Based UUID for Sebastian_Tyb - a9494135-1252-3e08-862d-a71178252d63
2026-04-08 18:02:23 [INFO] [Citizens] Creating new config file at plugins/Citizens/Player Profiles/Sebastian_Tyb.yml.
2026-04-08 18:02:23 [INFO] Creating empty config: /home/container/plugins/Essentials/userdata/sebastian_tyb.yml
2026-04-08 18:02:23 [INFO] Sebastian_Tyb [/217.160.170.104:56866] logged in with entity id 54853 at ([world] 36.5, 65.62000000476837, 38.5)
2026-04-08 18:02:23 [INFO] [Showcase] Registered type [finite] (0 items loaded)
2026-04-08 18:02:23 [INFO] [Showcase] Registered type [infinite] (0 items loaded)
2026-04-08 18:02:23 [INFO] [Showcase] Registered type [exchange] (0 items loaded)
2026-04-08 18:02:23 [INFO] [Showcase] Registered type [tutorial] (0 items loaded)
2026-04-08 18:02:23 [INFO] [Showcase] Registered type [basic] (0 items loaded)
2026-04-08 18:02:32 [INFO] [Showcase] Registered type [finite] (0 items loaded)
2026-04-08 18:02:32 [INFO] [Showcase] Registered type [infinite] (0 items loaded)
2026-04-08 18:02:32 [INFO] [Showcase] Registered type [exchange] (0 items loaded)
2026-04-08 18:02:32 [INFO] [Showcase] Registered type [tutorial] (0 items loaded)
2026-04-08 18:02:32 [INFO] [Showcase] Registered type [basic] (0 items loaded)
2026-04-08 18:02:45 [INFO] Sebastian_Tyb lost connection: disconnect.endOfStream
2026-04-08 18:02:45 [INFO] Sebastian_Tyb has left the game.
2026-04-08 18:03:14 [INFO] Sebastian_Ty
2026-04-08 18:03:14 [INFO] [Poseidon] Fetched UUID from Cache for Sebastian_Ty - c7dd2d86-1a35-4180-a926-70b08c7f5732
2026-04-08 18:03:14 [INFO] Sebastian_Ty [/217.160.170.104:51855] logged in with entity id 56818 at ([world] -89.69999998807907, 82.0, 633.0056395695652)
2026-04-08 18:03:14 [INFO] [Showcase] Registered type [finite] (0 items loaded)
2026-04-08 18:03:14 [INFO] [Showcase] Registered type [infinite] (0 items loaded)
2026-04-08 18:03:14 [INFO] [Showcase] Registered type [exchange] (0 items loaded)
2026-04-08 18:03:14 [INFO] [Showcase] Registered type [tutorial] (0 items loaded)
2026-04-08 18:03:14 [INFO] [Showcase] Registered type [basic] (0 items loaded)
2026-04-08 18:03:15 [WARNING] [Poseidon] Event PLAYER_JOIN in ru.tehkode.permissions.bukkit.BukkitPermissions$PlayerEvents:PLAYER_JOIN took 466 milliseconds. Statistics: Called: 20 times, Min: 3ms, Avg: 618ms, Max: 2521ms
2026-04-08 18:03:15 [WARNING] [Poseidon] Event PLAYER_JOIN in ru.tehkode.permissions.bukkit.BukkitPermissions$PlayerEvents:PLAYER_JOIN took 506 milliseconds. Statistics: Called: 21 times, Min: 3ms, Avg: 613ms, Max: 2521ms
2026-04-08 18:03:22 [INFO] [AuthMe] Player Sebastian_Ty logged in!
2026-04-08 18:03:22 [INFO] Sebastian_Ty issued server command: COMMAND REDACTED
2026-04-08 18:03:24 [INFO] [Showcase] Registered type [finite] (0 items loaded)
2026-04-08 18:03:24 [INFO] [Showcase] Registered type [infinite] (0 items loaded)
2026-04-08 18:03:24 [INFO] [Showcase] Registered type [exchange] (0 items loaded)
2026-04-08 18:03:24 [INFO] [Showcase] Registered type [tutorial] (0 items loaded)
2026-04-08 18:03:24 [INFO] [Showcase] Registered type [basic] (0 items loaded)
2026-04-08 18:03:51 [INFO] [PLAYER_COMMAND] patschgo: /weather sun 
2026-04-08 18:03:51 [INFO] patschgo issued server command: /weather sun
2026-04-08 18:04:11 [INFO] [PLAYER_COMMAND] patschgo: /weather sun 
2026-04-08 18:04:11 [INFO] patschgo issued server command: /weather sun
2026-04-08 18:04:27 [INFO] [PLAYER_COMMAND] patschgo: /weather raihn 
2026-04-08 18:04:27 [INFO] patschgo issued server command: /weather raihn
2026-04-08 18:04:30 [INFO] [PLAYER_COMMAND] patschgo: /weather sun 
2026-04-08 18:04:30 [INFO] patschgo issued server command: /weather sun
2026-04-08 18:04:55 [INFO] [Seasons] Command in world by patschgo : /season set summer
2026-04-08 18:04:55 [INFO] [Seasons] Seasons in world changes to Summer.
2026-04-08 18:04:55 [INFO] patschgo issued server command: /season set summer
2026-04-08 18:05:10 [INFO] [31mError: Only in-game players can use weather.[0m
2026-04-08 18:05:20 [INFO] [PLAYER_COMMAND] patschgo: /weather sun 
2026-04-08 18:05:20 [INFO] patschgo issued server command: /weather sun
2026-04-08 18:05:48 [INFO] [Seasons] Command in world by patschgo : /season set winter
2026-04-08 18:05:48 [INFO] [Seasons] Seasons in world changes to Winter.
2026-04-08 18:05:48 [INFO] patschgo issued server command: /season set winter
2026-04-08 18:06:34 [INFO] [PLAYER_COMMAND] Sebastian_Ty: /weather good 
2026-04-08 18:06:34 [INFO] Sebastian_Ty issued server command: /weather good
2026-04-08 18:07:03 [INFO] patschgo issued server command: /season summer
2026-04-08 18:07:09 [INFO] patschgo issued server command: /season summer
2026-04-08 18:07:15 [INFO] [Seasons] Command in world by patschgo : /season set summer
2026-04-08 18:07:15 [INFO] [Seasons] Seasons in world changes to Summer.
2026-04-08 18:07:15 [INFO] patschgo issued server command: /season set summer
2026-04-08 18:07:39 [INFO] Creating empty config: /home/container/plugins/Essentials/userdata/frostbite.yml
2026-04-08 18:07:43 [SEVERE] Could not pass event ENTITY_DAMAGE to AuthMe
java.lang.NullPointerException
	at de.fgtech.pomo4ka.AuthMe.PlayerCache.PlayerCache.getLastAlert(PlayerCache.java:68)
	at de.fgtech.pomo4ka.AuthMe.PlayerCache.PlayerCache.isAlertNeeded(PlayerCache.java:76)
	at de.fgtech.pomo4ka.AuthMe.AuthMe.checkAuth(AuthMe.java:584)
	at de.fgtech.pomo4ka.AuthMe.Listener.AuthMeEntityListener.onEntityDamage(AuthMeEntityListener.java:30)
	at org.bukkit.plugin.java.JavaPluginLoader$64.execute(JavaPluginLoader.java:927)
	at org.bukkit.plugin.RegisteredListener.callEvent(RegisteredListener.java:71)
	at org.bukkit.plugin.SimplePluginManager.callEvent(SimplePluginManager.java:381)
	at net.minecraft.server.EntityHuman.damageEntity(EntityHuman.java:432)
	at net.minecraft.server.EntityPlayer.damageEntity(EntityPlayer.java:195)
	at net.minecraft.server.EntityHuman.d(EntityHuman.java:575)
	at net.minecraft.server.NetServerHandler.a(NetServerHandler.java:1055)
	at net.minecraft.server.Packet7UseEntity.a(Packet7UseEntity.java:28)
	at net.minecraft.server.NetworkManager.b(NetworkManager.java:290)
	at net.minecraft.server.NetServerHandler.a(NetServerHandler.java:134)
	at net.minecraft.server.NetworkListenThread.a(NetworkListenThread.java:72)
	at net.minecraft.server.MinecraftServer.h(MinecraftServer.java:614)
	at net.minecraft.server.MinecraftServer.run(MinecraftServer.java:492)
	at net.minecraft.server.ThreadServerApplication.run(ThreadServerApplication.java:13)
2026-04-08 18:07:43 [SEVERE] Could not pass event ENTITY_DAMAGE to AuthMe
java.lang.NullPointerException
	at de.fgtech.pomo4ka.AuthMe.PlayerCache.PlayerCache.getLastAlert(PlayerCache.java:68)
	at de.fgtech.pomo4ka.AuthMe.PlayerCache.PlayerCache.isAlertNeeded(PlayerCache.java:76)
	at de.fgtech.pomo4ka.AuthMe.AuthMe.checkAuth(AuthMe.java:584)
	at de.fgtech.pomo4ka.AuthMe.Listener.AuthMeEntityListener.onEntityDamage(AuthMeEntityListener.java:30)
	at org.bukkit.plugin.java.JavaPluginLoader$64.execute(JavaPluginLoader.java:927)
	at org.bukkit.plugin.RegisteredListener.callEvent(RegisteredListener.java:71)
	at org.bukkit.plugin.SimplePluginManager.callEvent(SimplePluginManager.java:381)
	at net.minecraft.server.EntityHuman.damageEntity(EntityHuman.java:432)
	at net.minecraft.server.EntityPlayer.damageEntity(EntityPlayer.java:195)
	at net.minecraft.server.EntityHuman.d(EntityHuman.java:575)
	at net.minecraft.server.NetServerHandler.a(NetServerHandler.java:1055)
	at net.minecraft.server.Packet7UseEntity.a(Packet7UseEntity.java:28)
	at net.minecraft.server.NetworkManager.b(NetworkManager.java:290)
	at net.minecraft.server.NetServerHandler.a(NetServerHandler.java:134)
	at net.minecraft.server.NetworkListenThread.a(NetworkListenThread.java:72)
	at net.minecraft.server.MinecraftServer.h(MinecraftServer.java:614)
	at net.minecraft.server.MinecraftServer.run(MinecraftServer.java:492)
	at net.minecraft.server.ThreadServerApplication.run(ThreadServerApplication.java:13)
2026-04-08 18:07:46 [SEVERE] Could not pass event ENTITY_DAMAGE to AuthMe
java.lang.NullPointerException
	at de.fgtech.pomo4ka.AuthMe.PlayerCache.PlayerCache.getLastAlert(PlayerCache.java:68)
	at de.fgtech.pomo4ka.AuthMe.PlayerCache.PlayerCache.isAlertNeeded(PlayerCache.java:76)
	at de.fgtech.pomo4ka.AuthMe.AuthMe.checkAuth(AuthMe.java:584)
	at de.fgtech.pomo4ka.AuthMe.Listener.AuthMeEntityListener.onEntityDamage(AuthMeEntityListener.java:30)
	at org.bukkit.plugin.java.JavaPluginLoader$64.execute(JavaPluginLoader.java:927)
	at org.bukkit.plugin.RegisteredListener.callEvent(RegisteredListener.java:71)
	at org.bukkit.plugin.SimplePluginManager.callEvent(SimplePluginManager.java:381)
	at net.minecraft.server.EntityHuman.damageEntity(EntityHuman.java:432)
	at net.minecraft.server.EntityPlayer.damageEntity(EntityPlayer.java:195)
	at net.minecraft.server.EntityHuman.d(EntityHuman.java:575)
	at net.minecraft.server.NetServerHandler.a(NetServerHandler.java:1055)
	at net.minecraft.server.Packet7UseEntity.a(Packet7UseEntity.java:28)
	at net.minecraft.server.NetworkManager.b(NetworkManager.java:290)
	at net.minecraft.server.NetServerHandler.a(NetServerHandler.java:134)
	at net.minecraft.server.NetworkListenThread.a(NetworkListenThread.java:72)
	at net.minecraft.server.MinecraftServer.h(MinecraftServer.java:614)
	at net.minecraft.server.MinecraftServer.run(MinecraftServer.java:492)
	at net.minecraft.server.ThreadServerApplication.run(ThreadServerApplication.java:13)
2026-04-08 18:07:46 [SEVERE] Could not pass event ENTITY_DAMAGE to AuthMe
java.lang.NullPointerException
	at de.fgtech.pomo4ka.AuthMe.PlayerCache.PlayerCache.getLastAlert(PlayerCache.java:68)
	at de.fgtech.pomo4ka.AuthMe.PlayerCache.PlayerCache.isAlertNeeded(PlayerCache.java:76)
	at de.fgtech.pomo4ka.AuthMe.AuthMe.checkAuth(AuthMe.java:584)
	at de.fgtech.pomo4ka.AuthMe.Listener.AuthMeEntityListener.onEntityDamage(AuthMeEntityListener.java:30)
	at org.bukkit.plugin.java.JavaPluginLoader$64.execute(JavaPluginLoader.java:927)
	at org.bukkit.plugin.RegisteredListener.callEvent(RegisteredListener.java:71)
	at org.bukkit.plugin.SimplePluginManager.callEvent(SimplePluginManager.java:381)
	at net.minecraft.server.EntityHuman.damageEntity(EntityHuman.java:432)
	at net.minecraft.server.EntityPlayer.damageEntity(EntityPlayer.java:195)
	at net.minecraft.server.EntityHuman.d(EntityHuman.java:575)
	at net.minecraft.server.NetServerHandler.a(NetServerHandler.java:1055)
	at net.minecraft.server.Packet7UseEntity.a(Packet7UseEntity.java:28)
	at net.minecraft.server.NetworkManager.b(NetworkManager.java:290)
	at net.minecraft.server.NetServerHandler.a(NetServerHandler.java:134)
	at net.minecraft.server.NetworkListenThread.a(NetworkListenThread.java:72)
	at net.minecraft.server.MinecraftServer.h(MinecraftServer.java:614)
	at net.minecraft.server.MinecraftServer.run(MinecraftServer.java:492)
	at net.minecraft.server.ThreadServerApplication.run(ThreadServerApplication.java:13)
2026-04-08 18:07:46 [SEVERE] Could not pass event ENTITY_DAMAGE to AuthMe
java.lang.NullPointerException
	at de.fgtech.pomo4ka.AuthMe.PlayerCache.PlayerCache.getLastAlert(PlayerCache.java:68)
	at de.fgtech.pomo4ka.AuthMe.PlayerCache.PlayerCache.isAlertNeeded(PlayerCache.java:76)
	at de.fgtech.pomo4ka.AuthMe.AuthMe.checkAuth(AuthMe.java:584)
	at de.fgtech.pomo4ka.AuthMe.Listener.AuthMeEntityListener.onEntityDamage(AuthMeEntityListener.java:30)
	at org.bukkit.plugin.java.JavaPluginLoader$64.execute(JavaPluginLoader.java:927)
	at org.bukkit.plugin.RegisteredListener.callEvent(RegisteredListener.java:71)
	at org.bukkit.plugin.SimplePluginManager.callEvent(SimplePluginManager.java:381)
	at net.minecraft.server.EntityHuman.damageEntity(EntityHuman.java:432)
	at net.minecraft.server.EntityPlayer.damageEntity(EntityPlayer.java:195)
	at net.minecraft.server.EntityHuman.d(EntityHuman.java:575)
	at net.minecraft.server.NetServerHandler.a(NetServerHandler.java:1055)
	at net.minecraft.server.Packet7UseEntity.a(Packet7UseEntity.java:28)
	at net.minecraft.server.NetworkManager.b(NetworkManager.java:290)
	at net.minecraft.server.NetServerHandler.a(NetServerHandler.java:134)
	at net.minecraft.server.NetworkListenThread.a(NetworkListenThread.java:72)
	at net.minecraft.server.MinecraftServer.h(MinecraftServer.java:614)
	at net.minecraft.server.MinecraftServer.run(MinecraftServer.java:492)
	at net.minecraft.server.ThreadServerApplication.run(ThreadServerApplication.java:13)
2026-04-08 18:07:46 [SEVERE] Could not pass event ENTITY_DAMAGE to AuthMe
java.lang.NullPointerException
	at de.fgtech.pomo4ka.AuthMe.PlayerCache.PlayerCache.getLastAlert(PlayerCache.java:68)
	at de.fgtech.pomo4ka.AuthMe.PlayerCache.PlayerCache.isAlertNeeded(PlayerCache.java:76)
	at de.fgtech.pomo4ka.AuthMe.AuthMe.checkAuth(AuthMe.java:584)
	at de.fgtech.pomo4ka.AuthMe.Listener.AuthMeEntityListener.onEntityDamage(AuthMeEntityListener.java:30)
	at org.bukkit.plugin.java.JavaPluginLoader$64.execute(JavaPluginLoader.java:927)
	at org.bukkit.plugin.RegisteredListener.callEvent(RegisteredListener.java:71)
	at org.bukkit.plugin.SimplePluginManager.callEvent(SimplePluginManager.java:381)
	at net.minecraft.server.EntityHuman.damageEntity(EntityHuman.java:432)
	at net.minecraft.server.EntityPlayer.damageEntity(EntityPlayer.java:195)
	at net.minecraft.server.EntityHuman.d(EntityHuman.java:575)
	at net.minecraft.server.NetServerHandler.a(NetServerHandler.java:1055)
	at net.minecraft.server.Packet7UseEntity.a(Packet7UseEntity.java:28)
	at net.minecraft.server.NetworkManager.b(NetworkManager.java:290)
	at net.minecraft.server.NetServerHandler.a(NetServerHandler.java:134)
	at net.minecraft.server.NetworkListenThread.a(NetworkListenThread.java:72)
	at net.minecraft.server.MinecraftServer.h(MinecraftServer.java:614)
	at net.minecraft.server.MinecraftServer.run(MinecraftServer.java:492)
	at net.minecraft.server.ThreadServerApplication.run(ThreadServerApplication.java:13)
